<?xml version="1.0" encoding="UTF-8"?>
<testsuite xmlns:xsi="http://www.w3.org/2001/XMLSchema-instance" xsi:noNamespaceSchemaLocation="https://maven.apache.org/surefire/maven-surefire-plugin/xsd/surefire-test-report-3.0.xsd" version="3.0" name="SumThreadTest" time="17.142" tests="1" errors="0" skipped="0" failures="0">
  <properties>
    <property name="java.specification.version" value="21"/>
    <property name="sun.jnu.encoding" value="ANSI_X3.4-1968"/>
    <property name="java.class.path" value="/workspaces/cs348s25share/2025-04-04/multithread/target/test-classes:/workspaces/cs348s25share/2025-04-04/multithread/target/classes:/home/ubuntu/.m2/repository/org/jetbrains/kotlin/kotlin-stdlib/2.1.10/kotlin-stdlib-2.1.10.jar:/home/ubuntu/.m2/repository/org/jetbrains/annotations/13.0/annotations-13.0.jar:/home/ubuntu/.m2/repository/org/jetbrains/kotlin/kotlin-test/2.1.10/kotlin-test-2.1.10.jar:/home/ubuntu/.m2/repository/org/jetbrains/kotlin/kotlin-test-junit/2.1.10/kotlin-test-junit-2.1.10.jar:/home/ubuntu/.m2/repository/junit/junit/4.13.2/junit-4.13.2.jar:/home/ubuntu/.m2/repository/org/hamcrest/hamcrest-core/1.3/hamcrest-core-1.3.jar:/home/ubuntu/.m2/repository/org/jetbrains/kotlinx/kotlinx-coroutines-core/1.10.1/kotlinx-coroutines-core-1.10.1.jar:/home/ubuntu/.m2/repository/org/jetbrains/kotlinx/kotlinx-coroutines-core-jvm/1.10.1/kotlinx-coroutines-core-jvm-1.10.1.jar:/home/ubuntu/.m2/repository/com/github/stefanbirkner/system-rules/1.16.0/system-rules-1.16.0.jar:"/>
    <property name="java.vm.vendor" value="Eclipse Adoptium"/>
    <property name="sun.arch.data.model" value="64"/>
    <property name="java.vendor.url" value="https://adoptium.net/"/>
    <property name="os.name" value="Linux"/>
    <property name="java.vm.specification.version" value="21"/>
    <property name="sun.java.launcher" value="SUN_STANDARD"/>
    <property name="user.country" value="US"/>
    <property name="sun.boot.library.path" value="/home/ubuntu/.sdkman/candidates/java/21.0.6-tem/lib"/>
    <property name="sun.java.command" value="/workspaces/cs348s25share/2025-04-04/multithread/target/surefire/surefirebooter-20250404193301992_3.jar /workspaces/cs348s25share/2025-04-04/multithread/target/surefire 2025-04-04T19-33-01_708-jvmRun1 surefire-20250404193301992_1tmp surefire_0-20250404193301992_2tmp"/>
    <property name="jdk.debug" value="release"/>
    <property name="surefire.test.class.path" value="/workspaces/cs348s25share/2025-04-04/multithread/target/test-classes:/workspaces/cs348s25share/2025-04-04/multithread/target/classes:/home/ubuntu/.m2/repository/org/jetbrains/kotlin/kotlin-stdlib/2.1.10/kotlin-stdlib-2.1.10.jar:/home/ubuntu/.m2/repository/org/jetbrains/annotations/13.0/annotations-13.0.jar:/home/ubuntu/.m2/repository/org/jetbrains/kotlin/kotlin-test/2.1.10/kotlin-test-2.1.10.jar:/home/ubuntu/.m2/repository/org/jetbrains/kotlin/kotlin-test-junit/2.1.10/kotlin-test-junit-2.1.10.jar:/home/ubuntu/.m2/repository/junit/junit/4.13.2/junit-4.13.2.jar:/home/ubuntu/.m2/repository/org/hamcrest/hamcrest-core/1.3/hamcrest-core-1.3.jar:/home/ubuntu/.m2/repository/org/jetbrains/kotlinx/kotlinx-coroutines-core/1.10.1/kotlinx-coroutines-core-1.10.1.jar:/home/ubuntu/.m2/repository/org/jetbrains/kotlinx/kotlinx-coroutines-core-jvm/1.10.1/kotlinx-coroutines-core-jvm-1.10.1.jar:/home/ubuntu/.m2/repository/com/github/stefanbirkner/system-rules/1.16.0/system-rules-1.16.0.jar:"/>
    <property name="sun.cpu.endian" value="little"/>
    <property name="user.home" value="/home/ubuntu"/>
    <property name="user.language" value="en"/>
    <property name="java.specification.vendor" value="Oracle Corporation"/>
    <property name="java.version.date" value="2025-01-21"/>
    <property name="java.home" value="/home/ubuntu/.sdkman/candidates/java/21.0.6-tem"/>
    <property name="file.separator" value="/"/>
    <property name="basedir" value="/workspaces/cs348s25share/2025-04-04/multithread"/>
    <property name="java.vm.compressedOopsMode" value="Zero based"/>
    <property name="line.separator" value="&#10;"/>
    <property name="java.specification.name" value="Java Platform API Specification"/>
    <property name="java.vm.specification.vendor" value="Oracle Corporation"/>
    <property name="surefire.real.class.path" value="/workspaces/cs348s25share/2025-04-04/multithread/target/surefire/surefirebooter-20250404193301992_3.jar"/>
    <property name="sun.management.compiler" value="HotSpot 64-Bit Tiered Compilers"/>
    <property name="java.runtime.version" value="21.0.6+7-LTS"/>
    <property name="user.name" value="ubuntu"/>
    <property name="stdout.encoding" value="ANSI_X3.4-1968"/>
    <property name="path.separator" value=":"/>
    <property name="os.version" value="6.13.6-surface-1"/>
    <property name="java.runtime.name" value="OpenJDK Runtime Environment"/>
    <property name="file.encoding" value="UTF-8"/>
    <property name="java.vm.name" value="OpenJDK 64-Bit Server VM"/>
    <property name="java.vendor.version" value="Temurin-21.0.6+7"/>
    <property name="localRepository" value="/home/ubuntu/.m2/repository"/>
    <property name="java.vendor.url.bug" value="https://github.com/adoptium/adoptium-support/issues"/>
    <property name="java.io.tmpdir" value="/tmp"/>
    <property name="java.version" value="21.0.6"/>
    <property name="user.dir" value="/workspaces/cs348s25share/2025-04-04/multithread"/>
    <property name="os.arch" value="amd64"/>
    <property name="java.vm.specification.name" value="Java Virtual Machine Specification"/>
    <property name="native.encoding" value="ANSI_X3.4-1968"/>
    <property name="java.library.path" value="/usr/java/packages/lib:/usr/lib64:/lib64:/lib:/usr/lib"/>
    <property name="java.vm.info" value="mixed mode, sharing"/>
    <property name="stderr.encoding" value="ANSI_X3.4-1968"/>
    <property name="java.vendor" value="Eclipse Adoptium"/>
    <property name="java.vm.version" value="21.0.6+7-LTS"/>
    <property name="sun.io.unicode.encoding" value="UnicodeLittle"/>
    <property name="java.class.version" value="65.0"/>
  </properties>
  <testcase name="testSum" classname="SumThreadTest" time="17.14">
    <system-out><![CDATA[Warmup sequential total = 5.515857433736311E7
Number of processors = 12
-----------------------------
Number of threads: 1
Sequential sum = 1.83861914457877E7
Parallel sum: 1.83861914457877E7
Sequential time = 506.603706ms
Parallel time = 539.774624ms
Speedup = 0.9385467257534508
-----------------------------
Number of threads: 2
Sequential sum = 1.83861914457877E7
Parallel sum: 1.8386191445787296E7
Sequential time = 506.603706ms
Parallel time = 340.724131ms
Speedup = 1.4868442235457635
-----------------------------
Number of threads: 3
Sequential sum = 1.83861914457877E7
Parallel sum: 1.8386191445787035E7
Sequential time = 506.603706ms
Parallel time = 318.220252ms
Speedup = 1.5919907762501553
-----------------------------
Number of threads: 4
Sequential sum = 1.83861914457877E7
Parallel sum: 1.8386191445786826E7
Sequential time = 506.603706ms
Parallel time = 275.679509ms
Speedup = 1.8376545570530598
-----------------------------
Number of threads: 5
Sequential sum = 1.83861914457877E7
Parallel sum: 1.8386191445787914E7
Sequential time = 506.603706ms
Parallel time = 232.197319ms
Speedup = 2.1817810308137107
-----------------------------
Number of threads: 6
Sequential sum = 1.83861914457877E7
Parallel sum: 1.8386191445787508E7
Sequential time = 506.603706ms
Parallel time = 200.258393ms
Speedup = 2.5297501813070076
-----------------------------
Number of threads: 7
Sequential sum = 1.83861914457877E7
Parallel sum: 1.8386191445788074E7
Sequential time = 506.603706ms
Parallel time = 176.492625ms
Speedup = 2.8703958933128226
-----------------------------
Number of threads: 8
Sequential sum = 1.83861914457877E7
Parallel sum: 1.838619144578792E7
Sequential time = 506.603706ms
Parallel time = 155.528039ms
Speedup = 3.257314303307071
-----------------------------
Number of threads: 9
Sequential sum = 1.83861914457877E7
Parallel sum: 1.8386191445787665E7
Sequential time = 506.603706ms
Parallel time = 141.553102ms
Speedup = 3.578895120221385
-----------------------------
Number of threads: 10
Sequential sum = 1.83861914457877E7
Parallel sum: 1.8386191445787568E7
Sequential time = 506.603706ms
Parallel time = 127.334101ms
Speedup = 3.978539150325489
-----------------------------
Number of threads: 11
Sequential sum = 1.83861914457877E7
Parallel sum: 1.8386191445787683E7
Sequential time = 506.603706ms
Parallel time = 142.284926ms
Speedup = 3.5604875389259436
-----------------------------
Number of threads: 12
Sequential sum = 1.83861914457877E7
Parallel sum: 1.838619144578738E7
Sequential time = 506.603706ms
Parallel time = 122.127819ms
Speedup = 4.148143397205841
-----------------------------
Number of threads: 13
Sequential sum = 1.83861914457877E7
Parallel sum: 1.8386191445787624E7
Sequential time = 506.603706ms
Parallel time = 137.117942ms
Speedup = 3.694656575286114
-----------------------------
Number of threads: 14
Sequential sum = 1.83861914457877E7
Parallel sum: 1.8386191445787385E7
Sequential time = 506.603706ms
Parallel time = 156.901964ms
Speedup = 3.228791361719347
]]></system-out>
  </testcase>
</testsuite>