<?xml version="1.0" encoding="UTF-8"?>
<testsuite xmlns:xsi="http://www.w3.org/2001/XMLSchema-instance" xsi:noNamespaceSchemaLocation="https://maven.apache.org/surefire/maven-surefire-plugin/xsd/surefire-test-report-3.0.xsd" version="3.0" name="LongestSequenceTest" time="28.346" tests="2" errors="0" skipped="0" failures="0">
  <properties>
    <property name="java.specification.version" value="21"/>
    <property name="sun.jnu.encoding" value="UTF-8"/>
    <property name="java.class.path" value="/home/dmusicant/currentwork/cs348assignments-2025/forkjoin/target/test-classes:/home/dmusicant/currentwork/cs348assignments-2025/forkjoin/target/classes:/home/dmusicant/.m2/repository/org/jetbrains/kotlin/kotlin-stdlib/2.1.10/kotlin-stdlib-2.1.10.jar:/home/dmusicant/.m2/repository/org/jetbrains/annotations/13.0/annotations-13.0.jar:/home/dmusicant/.m2/repository/org/jetbrains/kotlin/kotlin-test/2.1.10/kotlin-test-2.1.10.jar:/home/dmusicant/.m2/repository/org/jetbrains/kotlin/kotlin-test-junit/2.1.10/kotlin-test-junit-2.1.10.jar:/home/dmusicant/.m2/repository/junit/junit/4.13.2/junit-4.13.2.jar:/home/dmusicant/.m2/repository/org/hamcrest/hamcrest-core/1.3/hamcrest-core-1.3.jar:/home/dmusicant/.m2/repository/org/jetbrains/kotlinx/kotlinx-coroutines-core/1.10.1/kotlinx-coroutines-core-1.10.1.jar:/home/dmusicant/.m2/repository/org/jetbrains/kotlinx/kotlinx-coroutines-core-jvm/1.10.1/kotlinx-coroutines-core-jvm-1.10.1.jar:/home/dmusicant/.m2/repository/com/github/stefanbirkner/system-rules/1.16.0/system-rules-1.16.0.jar:"/>
    <property name="java.vm.vendor" value="Eclipse Adoptium"/>
    <property name="sun.arch.data.model" value="64"/>
    <property name="java.vendor.url" value="https://adoptium.net/"/>
    <property name="os.name" value="Linux"/>
    <property name="java.vm.specification.version" value="21"/>
    <property name="sun.java.launcher" value="SUN_STANDARD"/>
    <property name="user.country" value="US"/>
    <property name="sun.boot.library.path" value="/home/dmusicant/.sdkman/candidates/java/21.0.4-tem/lib"/>
    <property name="sun.java.command" value="/home/dmusicant/currentwork/cs348assignments-2025/forkjoin/target/surefire/surefirebooter-20250406092651600_3.jar /home/dmusicant/currentwork/cs348assignments-2025/forkjoin/target/surefire 2025-04-06T09-26-51_527-jvmRun1 surefire-20250406092651600_1tmp surefire_0-20250406092651600_2tmp"/>
    <property name="jdk.debug" value="release"/>
    <property name="test" value="LongestSequenceTest"/>
    <property name="surefire.test.class.path" value="/home/dmusicant/currentwork/cs348assignments-2025/forkjoin/target/test-classes:/home/dmusicant/currentwork/cs348assignments-2025/forkjoin/target/classes:/home/dmusicant/.m2/repository/org/jetbrains/kotlin/kotlin-stdlib/2.1.10/kotlin-stdlib-2.1.10.jar:/home/dmusicant/.m2/repository/org/jetbrains/annotations/13.0/annotations-13.0.jar:/home/dmusicant/.m2/repository/org/jetbrains/kotlin/kotlin-test/2.1.10/kotlin-test-2.1.10.jar:/home/dmusicant/.m2/repository/org/jetbrains/kotlin/kotlin-test-junit/2.1.10/kotlin-test-junit-2.1.10.jar:/home/dmusicant/.m2/repository/junit/junit/4.13.2/junit-4.13.2.jar:/home/dmusicant/.m2/repository/org/hamcrest/hamcrest-core/1.3/hamcrest-core-1.3.jar:/home/dmusicant/.m2/repository/org/jetbrains/kotlinx/kotlinx-coroutines-core/1.10.1/kotlinx-coroutines-core-1.10.1.jar:/home/dmusicant/.m2/repository/org/jetbrains/kotlinx/kotlinx-coroutines-core-jvm/1.10.1/kotlinx-coroutines-core-jvm-1.10.1.jar:/home/dmusicant/.m2/repository/com/github/stefanbirkner/system-rules/1.16.0/system-rules-1.16.0.jar:"/>
    <property name="sun.cpu.endian" value="little"/>
    <property name="user.home" value="/home/dmusicant"/>
    <property name="user.language" value="en"/>
    <property name="java.specification.vendor" value="Oracle Corporation"/>
    <property name="java.version.date" value="2024-07-16"/>
    <property name="java.home" value="/home/dmusicant/.sdkman/candidates/java/21.0.4-tem"/>
    <property name="file.separator" value="/"/>
    <property name="basedir" value="/home/dmusicant/currentwork/cs348assignments-2025/forkjoin"/>
    <property name="java.vm.compressedOopsMode" value="Zero based"/>
    <property name="line.separator" value="&#10;"/>
    <property name="java.specification.name" value="Java Platform API Specification"/>
    <property name="java.vm.specification.vendor" value="Oracle Corporation"/>
    <property name="surefire.real.class.path" value="/home/dmusicant/currentwork/cs348assignments-2025/forkjoin/target/surefire/surefirebooter-20250406092651600_3.jar"/>
    <property name="sun.management.compiler" value="HotSpot 64-Bit Tiered Compilers"/>
    <property name="java.runtime.version" value="21.0.4+7-LTS"/>
    <property name="user.name" value="dmusicant"/>
    <property name="stdout.encoding" value="UTF-8"/>
    <property name="path.separator" value=":"/>
    <property name="os.version" value="6.13.6-surface-1"/>
    <property name="java.runtime.name" value="OpenJDK Runtime Environment"/>
    <property name="file.encoding" value="UTF-8"/>
    <property name="java.vm.name" value="OpenJDK 64-Bit Server VM"/>
    <property name="java.vendor.version" value="Temurin-21.0.4+7"/>
    <property name="localRepository" value="/home/dmusicant/.m2/repository"/>
    <property name="java.vendor.url.bug" value="https://github.com/adoptium/adoptium-support/issues"/>
    <property name="java.io.tmpdir" value="/tmp"/>
    <property name="java.version" value="21.0.4"/>
    <property name="user.dir" value="/home/dmusicant/currentwork/cs348assignments-2025/forkjoin"/>
    <property name="os.arch" value="amd64"/>
    <property name="java.vm.specification.name" value="Java Virtual Machine Specification"/>
    <property name="native.encoding" value="UTF-8"/>
    <property name="java.library.path" value="/usr/java/packages/lib:/usr/lib64:/lib64:/lib:/usr/lib"/>
    <property name="java.vm.info" value="mixed mode, sharing"/>
    <property name="stderr.encoding" value="UTF-8"/>
    <property name="java.vendor" value="Eclipse Adoptium"/>
    <property name="java.vm.version" value="21.0.4+7-LTS"/>
    <property name="sun.io.unicode.encoding" value="UnicodeLittle"/>
    <property name="java.class.version" value="65.0"/>
  </properties>
  <testcase name="testTrivialLongestSequence" classname="LongestSequenceTest" time="0.047"/>
  <testcase name="testLongestSequence" classname="LongestSequenceTest" time="28.269">
    <system-out><![CDATA[Warmup sequential total = 15
Max sequence length = 5
Measured sequential time = 3.821314217s
Number of processors = 12
-----------------------------
cutoff / seq time / parallel time / speedup
         1 3.821314217s 535.495046ms   7.136
         2 3.821314217s 533.700469ms   7.160
         3 3.821314217s 640.624901ms   5.965
         4 3.821314217s 657.534321ms   5.812
        10 3.821314217s 814.325732ms   4.693
]]></system-out>
  </testcase>
</testsuite>