<?xml version="1.0" encoding="UTF-8"?>
<testsuite xmlns:xsi="http://www.w3.org/2001/XMLSchema-instance" xsi:noNamespaceSchemaLocation="https://maven.apache.org/surefire/maven-surefire-plugin/xsd/surefire-test-report-3.0.xsd" version="3.0" name="SumForkJoinTest" time="5.786" tests="1" errors="0" skipped="0" failures="0">
  <properties>
    <property name="java.specification.version" value="21"/>
    <property name="sun.jnu.encoding" value="UTF-8"/>
    <property name="java.class.path" value="/home/dmusicant/currentwork/cs348s25share/2025-04-07/forkjoin/target/test-classes:/home/dmusicant/currentwork/cs348s25share/2025-04-07/forkjoin/target/classes:/home/dmusicant/.m2/repository/org/jetbrains/kotlin/kotlin-stdlib/2.1.10/kotlin-stdlib-2.1.10.jar:/home/dmusicant/.m2/repository/org/jetbrains/annotations/13.0/annotations-13.0.jar:/home/dmusicant/.m2/repository/org/jetbrains/kotlin/kotlin-test/2.1.10/kotlin-test-2.1.10.jar:/home/dmusicant/.m2/repository/org/jetbrains/kotlin/kotlin-test-junit/2.1.10/kotlin-test-junit-2.1.10.jar:/home/dmusicant/.m2/repository/junit/junit/4.13.2/junit-4.13.2.jar:/home/dmusicant/.m2/repository/org/hamcrest/hamcrest-core/1.3/hamcrest-core-1.3.jar:/home/dmusicant/.m2/repository/org/jetbrains/kotlinx/kotlinx-coroutines-core/1.10.1/kotlinx-coroutines-core-1.10.1.jar:/home/dmusicant/.m2/repository/org/jetbrains/kotlinx/kotlinx-coroutines-core-jvm/1.10.1/kotlinx-coroutines-core-jvm-1.10.1.jar:/home/dmusicant/.m2/repository/com/github/stefanbirkner/system-rules/1.16.0/system-rules-1.16.0.jar:"/>
    <property name="java.vm.vendor" value="Eclipse Adoptium"/>
    <property name="sun.arch.data.model" value="64"/>
    <property name="java.vendor.url" value="https://adoptium.net/"/>
    <property name="os.name" value="Linux"/>
    <property name="java.vm.specification.version" value="21"/>
    <property name="sun.java.launcher" value="SUN_STANDARD"/>
    <property name="user.country" value="US"/>
    <property name="sun.boot.library.path" value="/home/dmusicant/.sdkman/candidates/java/21.0.4-tem/lib"/>
    <property name="sun.java.command" value="/home/dmusicant/currentwork/cs348s25share/2025-04-07/forkjoin/target/surefire/surefirebooter-20250407145433917_3.jar /home/dmusicant/currentwork/cs348s25share/2025-04-07/forkjoin/target/surefire 2025-04-07T14-54-33_769-jvmRun1 surefire-20250407145433917_1tmp surefire_0-20250407145433917_2tmp"/>
    <property name="jdk.debug" value="release"/>
    <property name="test" value="SumForkJoinTest"/>
    <property name="surefire.test.class.path" value="/home/dmusicant/currentwork/cs348s25share/2025-04-07/forkjoin/target/test-classes:/home/dmusicant/currentwork/cs348s25share/2025-04-07/forkjoin/target/classes:/home/dmusicant/.m2/repository/org/jetbrains/kotlin/kotlin-stdlib/2.1.10/kotlin-stdlib-2.1.10.jar:/home/dmusicant/.m2/repository/org/jetbrains/annotations/13.0/annotations-13.0.jar:/home/dmusicant/.m2/repository/org/jetbrains/kotlin/kotlin-test/2.1.10/kotlin-test-2.1.10.jar:/home/dmusicant/.m2/repository/org/jetbrains/kotlin/kotlin-test-junit/2.1.10/kotlin-test-junit-2.1.10.jar:/home/dmusicant/.m2/repository/junit/junit/4.13.2/junit-4.13.2.jar:/home/dmusicant/.m2/repository/org/hamcrest/hamcrest-core/1.3/hamcrest-core-1.3.jar:/home/dmusicant/.m2/repository/org/jetbrains/kotlinx/kotlinx-coroutines-core/1.10.1/kotlinx-coroutines-core-1.10.1.jar:/home/dmusicant/.m2/repository/org/jetbrains/kotlinx/kotlinx-coroutines-core-jvm/1.10.1/kotlinx-coroutines-core-jvm-1.10.1.jar:/home/dmusicant/.m2/repository/com/github/stefanbirkner/system-rules/1.16.0/system-rules-1.16.0.jar:"/>
    <property name="sun.cpu.endian" value="little"/>
    <property name="user.home" value="/home/dmusicant"/>
    <property name="user.language" value="en"/>
    <property name="java.specification.vendor" value="Oracle Corporation"/>
    <property name="java.version.date" value="2024-07-16"/>
    <property name="java.home" value="/home/dmusicant/.sdkman/candidates/java/21.0.4-tem"/>
    <property name="file.separator" value="/"/>
    <property name="basedir" value="/home/dmusicant/currentwork/cs348s25share/2025-04-07/forkjoin"/>
    <property name="java.vm.compressedOopsMode" value="Zero based"/>
    <property name="line.separator" value="&#10;"/>
    <property name="java.specification.name" value="Java Platform API Specification"/>
    <property name="java.vm.specification.vendor" value="Oracle Corporation"/>
    <property name="surefire.real.class.path" value="/home/dmusicant/currentwork/cs348s25share/2025-04-07/forkjoin/target/surefire/surefirebooter-20250407145433917_3.jar"/>
    <property name="sun.management.compiler" value="HotSpot 64-Bit Tiered Compilers"/>
    <property name="java.runtime.version" value="21.0.4+7-LTS"/>
    <property name="user.name" value="dmusicant"/>
    <property name="stdout.encoding" value="UTF-8"/>
    <property name="path.separator" value=":"/>
    <property name="os.version" value="6.13.6-surface-1"/>
    <property name="java.runtime.name" value="OpenJDK Runtime Environment"/>
    <property name="file.encoding" value="UTF-8"/>
    <property name="java.vm.name" value="OpenJDK 64-Bit Server VM"/>
    <property name="java.vendor.version" value="Temurin-21.0.4+7"/>
    <property name="localRepository" value="/home/dmusicant/.m2/repository"/>
    <property name="java.vendor.url.bug" value="https://github.com/adoptium/adoptium-support/issues"/>
    <property name="java.io.tmpdir" value="/tmp"/>
    <property name="java.version" value="21.0.4"/>
    <property name="user.dir" value="/home/dmusicant/currentwork/cs348s25share/2025-04-07/forkjoin"/>
    <property name="os.arch" value="amd64"/>
    <property name="java.vm.specification.name" value="Java Virtual Machine Specification"/>
    <property name="native.encoding" value="UTF-8"/>
    <property name="java.library.path" value="/usr/java/packages/lib:/usr/lib64:/lib64:/lib:/usr/lib"/>
    <property name="java.vm.info" value="mixed mode, sharing"/>
    <property name="stderr.encoding" value="UTF-8"/>
    <property name="java.vendor" value="Eclipse Adoptium"/>
    <property name="java.vm.version" value="21.0.4+7-LTS"/>
    <property name="sun.io.unicode.encoding" value="UnicodeLittle"/>
    <property name="java.class.version" value="65.0"/>
  </properties>
  <testcase name="testSum" classname="SumForkJoinTest" time="5.693">
    <system-out><![CDATA[Warmup sequential total = 37128.0
Sum of list = 12376
Measured sequential time = 163.408776ms
Number of processors = 12
-----------------------------
cutoff / seq time / parallel time / speedup
         1 163.408776ms 222.310296ms   0.735
         2 163.408776ms 134.427655ms   1.216
         3 163.408776ms 73.952768ms   2.210
         4 163.408776ms 68.562864ms   2.383
        10 163.408776ms 49.575507ms   3.296
       100 163.408776ms 28.231123ms   5.788
      1000 163.408776ms 27.281963ms   5.990
     10000 163.408776ms 33.843336ms   4.828
     50000 163.408776ms 100.867469ms   1.620
    100000 163.408776ms 164.005352ms   0.996
]]></system-out>
  </testcase>
</testsuite>